This is pdfTeX, Version 3.14159265-2.6-1.40.15 (TeX Live 2014) (preloaded format=pdflatex 2014.5.25)  15 OCT 2014 16:38
entering extended mode
 restricted \write18 enabled.
 %&-line parsing enabled.
**lab2_report.tex
(./lab2_report.tex
LaTeX2e <2014/05/01>
Babel <3.9k> and hyphenation patterns for 78 languages loaded.
(/usr/local/texlive/2014/texmf-dist/tex/latex/base/report.cls
Document Class: report 2007/10/19 v1.4h Standard LaTeX document class
(/usr/local/texlive/2014/texmf-dist/tex/latex/base/size12.clo
File: size12.clo 2007/10/19 v1.4h Standard LaTeX file (size option)
)
\c@part=\count79
\c@chapter=\count80
\c@section=\count81
\c@subsection=\count82
\c@subsubsection=\count83
\c@paragraph=\count84
\c@subparagraph=\count85
\c@figure=\count86
\c@table=\count87
\abovecaptionskip=\skip41
\belowcaptionskip=\skip42
\bibindent=\dimen102
)
(/usr/local/texlive/2014/texmf-dist/tex/latex/graphics/graphicx.sty
Package: graphicx 2014/04/25 v1.0g Enhanced LaTeX Graphics (DPC,SPQR)

(/usr/local/texlive/2014/texmf-dist/tex/latex/graphics/keyval.sty
Package: keyval 2014/05/08 v1.15 key=value parser (DPC)
\KV@toks@=\toks14
)
(/usr/local/texlive/2014/texmf-dist/tex/latex/graphics/graphics.sty
Package: graphics 2009/02/05 v1.0o Standard LaTeX Graphics (DPC,SPQR)

(/usr/local/texlive/2014/texmf-dist/tex/latex/graphics/trig.sty
Package: trig 1999/03/16 v1.09 sin cos tan (DPC)
)
(/usr/local/texlive/2014/texmf-dist/tex/latex/latexconfig/graphics.cfg
File: graphics.cfg 2010/04/23 v1.9 graphics configuration of TeX Live
)
Package graphics Info: Driver file: pdftex.def on input line 91.

(/usr/local/texlive/2014/texmf-dist/tex/latex/pdftex-def/pdftex.def
File: pdftex.def 2011/05/27 v0.06d Graphics/color for pdfTeX

(/usr/local/texlive/2014/texmf-dist/tex/generic/oberdiek/infwarerr.sty
Package: infwarerr 2010/04/08 v1.3 Providing info/warning/error messages (HO)
)
(/usr/local/texlive/2014/texmf-dist/tex/generic/oberdiek/ltxcmds.sty
Package: ltxcmds 2011/11/09 v1.22 LaTeX kernel commands for general use (HO)
)
\Gread@gobject=\count88
))
\Gin@req@height=\dimen103
\Gin@req@width=\dimen104
)
(/usr/local/texlive/2014/texmf-dist/tex/latex/pdfpages/pdfpages.sty
Package: pdfpages 2013/08/25 v0.4v Insert pages of external PDF documents (AM)

(/usr/local/texlive/2014/texmf-dist/tex/latex/base/ifthen.sty
Package: ifthen 2001/05/26 v1.1c Standard LaTeX ifthen package (DPC)
)
(/usr/local/texlive/2014/texmf-dist/tex/latex/tools/calc.sty
Package: calc 2007/08/22 v4.3 Infix arithmetic (KKT,FJ)
\calc@Acount=\count89
\calc@Bcount=\count90
\calc@Adimen=\dimen105
\calc@Bdimen=\dimen106
\calc@Askip=\skip43
\calc@Bskip=\skip44
LaTeX Info: Redefining \setlength on input line 75.
LaTeX Info: Redefining \addtolength on input line 76.
\calc@Ccount=\count91
\calc@Cskip=\skip45
)
(/usr/local/texlive/2014/texmf-dist/tex/latex/eso-pic/eso-pic.sty
Package: eso-pic 2013/10/06 v2.0d eso-pic (RN)

(/usr/local/texlive/2014/texmf-dist/tex/generic/oberdiek/atbegshi.sty
Package: atbegshi 2011/10/05 v1.16 At begin shipout hook (HO)

(/usr/local/texlive/2014/texmf-dist/tex/generic/oberdiek/ifpdf.sty
Package: ifpdf 2011/01/30 v2.3 Provides the ifpdf switch (HO)
Package ifpdf Info: pdfTeX in PDF mode is detected.
))
(/usr/local/texlive/2014/texmf-dist/tex/latex/xcolor/xcolor.sty
Package: xcolor 2007/01/21 v2.11 LaTeX color extensions (UK)

(/usr/local/texlive/2014/texmf-dist/tex/latex/latexconfig/color.cfg
File: color.cfg 2007/01/18 v1.5 color configuration of teTeX/TeXLive
)
Package xcolor Info: Driver file: pdftex.def on input line 225.
Package xcolor Info: Model `cmy' substituted by `cmy0' on input line 1337.
Package xcolor Info: Model `hsb' substituted by `rgb' on input line 1341.
Package xcolor Info: Model `RGB' extended on input line 1353.
Package xcolor Info: Model `HTML' substituted by `rgb' on input line 1355.
Package xcolor Info: Model `Hsb' substituted by `hsb' on input line 1356.
Package xcolor Info: Model `tHsb' substituted by `hsb' on input line 1357.
Package xcolor Info: Model `HSB' substituted by `hsb' on input line 1358.
Package xcolor Info: Model `Gray' substituted by `gray' on input line 1359.
Package xcolor Info: Model `wave' substituted by `hsb' on input line 1360.
))
(/usr/local/texlive/2014/texmf-dist/tex/latex/pdfpages/pppdftex.def
File: pppdftex.def 2013/08/25 v0.4v Pdfpages driver for pdfTeX (AM)
)
\AM@pagebox=\box26
\AM@toc@title=\toks15
\c@AM@survey=\count92
\AM@templatesizebox=\box27
)
(./lab2_report.aux)
\openout1 = `lab2_report.aux'.

LaTeX Font Info:    Checking defaults for OML/cmm/m/it on input line 5.
LaTeX Font Info:    ... okay on input line 5.
LaTeX Font Info:    Checking defaults for T1/cmr/m/n on input line 5.
LaTeX Font Info:    ... okay on input line 5.
LaTeX Font Info:    Checking defaults for OT1/cmr/m/n on input line 5.
LaTeX Font Info:    ... okay on input line 5.
LaTeX Font Info:    Checking defaults for OMS/cmsy/m/n on input line 5.
LaTeX Font Info:    ... okay on input line 5.
LaTeX Font Info:    Checking defaults for OMX/cmex/m/n on input line 5.
LaTeX Font Info:    ... okay on input line 5.
LaTeX Font Info:    Checking defaults for U/cmr/m/n on input line 5.
LaTeX Font Info:    ... okay on input line 5.

(/usr/local/texlive/2014/texmf-dist/tex/context/base/supp-pdf.mkii
[Loading MPS to PDF converter (version 2006.09.02).]
\scratchcounter=\count93
\scratchdimen=\dimen107
\scratchbox=\box28
\nofMPsegments=\count94
\nofMParguments=\count95
\everyMPshowfont=\toks16
\MPscratchCnt=\count96
\MPscratchDim=\dimen108
\MPnumerator=\count97
\makeMPintoPDFobject=\count98
\everyMPtoPDFconversion=\toks17
) (/usr/local/texlive/2014/texmf-dist/tex/generic/oberdiek/pdftexcmds.sty
Package: pdftexcmds 2011/11/29 v0.20 Utility functions of pdfTeX for LuaTeX (HO
)

(/usr/local/texlive/2014/texmf-dist/tex/generic/oberdiek/ifluatex.sty
Package: ifluatex 2010/03/01 v1.3 Provides the ifluatex switch (HO)
Package ifluatex Info: LuaTeX not detected.
)
Package pdftexcmds Info: LuaTeX not detected.
Package pdftexcmds Info: \pdf@primitive is available.
Package pdftexcmds Info: \pdf@ifprimitive is available.
Package pdftexcmds Info: \pdfdraftmode found.
)
(/usr/local/texlive/2014/texmf-dist/tex/latex/oberdiek/epstopdf-base.sty
Package: epstopdf-base 2010/02/09 v2.5 Base part for package epstopdf

(/usr/local/texlive/2014/texmf-dist/tex/latex/oberdiek/grfext.sty
Package: grfext 2010/08/19 v1.1 Manage graphics extensions (HO)

(/usr/local/texlive/2014/texmf-dist/tex/generic/oberdiek/kvdefinekeys.sty
Package: kvdefinekeys 2011/04/07 v1.3 Define keys (HO)
))
(/usr/local/texlive/2014/texmf-dist/tex/latex/oberdiek/kvoptions.sty
Package: kvoptions 2011/06/30 v3.11 Key value format for package options (HO)

(/usr/local/texlive/2014/texmf-dist/tex/generic/oberdiek/kvsetkeys.sty
Package: kvsetkeys 2012/04/25 v1.16 Key value parser (HO)

(/usr/local/texlive/2014/texmf-dist/tex/generic/oberdiek/etexcmds.sty
Package: etexcmds 2011/02/16 v1.5 Avoid name clashes with e-TeX commands (HO)
Package etexcmds Info: Could not find \expanded.
(etexcmds)             That can mean that you are not using pdfTeX 1.50 or
(etexcmds)             that some package has redefined \expanded.
(etexcmds)             In the latter case, load this package earlier.
)))
Package grfext Info: Graphics extension search list:
(grfext)             [.png,.pdf,.jpg,.mps,.jpeg,.jbig2,.jb2,.PNG,.PDF,.JPG,.JPE
G,.JBIG2,.JB2,.eps]
(grfext)             \AppendGraphicsExtensions on input line 452.

(/usr/local/texlive/2014/texmf-dist/tex/latex/latexconfig/epstopdf-sys.cfg
File: epstopdf-sys.cfg 2010/07/13 v1.3 Configuration of (r)epstopdf for TeX Liv
e
))
\AtBeginShipoutBox=\box29
LaTeX Font Info:    External font `cmex10' loaded for size
(Font)              <14.4> on input line 10.
LaTeX Font Info:    External font `cmex10' loaded for size
(Font)              <7> on input line 10.

[1

{/usr/local/texlive/2014/texmf-var/fonts/map/pdftex/updmap/pdftex.map}]
LaTeX Font Info:    Try loading font information for OMS+cmr on input line 17.

(/usr/local/texlive/2014/texmf-dist/tex/latex/base/omscmr.fd
File: omscmr.fd 1999/05/25 v2.5h Standard LaTeX font definitions
)
LaTeX Font Info:    Font shape `OMS/cmr/m/n' in size <12> not available
(Font)              Font shape `OMS/cmsy/m/n' tried instead on input line 17.
Missing character: There is no ­ in font cmr12!
LaTeX Font Info:    External font `cmex10' loaded for size
(Font)              <12> on input line 25.
LaTeX Font Info:    External font `cmex10' loaded for size
(Font)              <8> on input line 25.
LaTeX Font Info:    External font `cmex10' loaded for size
(Font)              <6> on input line 25.

<truthtable.pdf, id=8, 614.295pt x 794.97pt>
File: truthtable.pdf Graphic file (type pdf)
 <use truthtable.pdf>
Package pdftex.def Info: truthtable.pdf used on input line 34.
(pdftex.def)             Requested size: 614.29349pt x 794.96806pt.
File: truthtable.pdf Graphic file (type pdf)

<use truthtable.pdf>
Package pdftex.def Info: truthtable.pdf used on input line 34.
(pdftex.def)             Requested size: 614.29349pt x 794.96806pt.
 [1] <truthtable.pdf, id=17, page=1, 614.295pt x 794.97pt>
File: truthtable.pdf Graphic file (type pdf)

<use truthtable.pdf, page 1>
Package pdftex.def Info: truthtable.pdf, page1 used on input line 34.
(pdftex.def)             Requested size: 614.29349pt x 794.96806pt.
File: truthtable.pdf Graphic file (type pdf)
 <use truthtable.pdf, page 1>
Package pdftex.def Info: truthtable.pdf, page1 used on input line 34.
(pdftex.def)             Requested size: 595.86543pt x 771.11998pt.
File: truthtable.pdf Graphic file (type pdf)

<use truthtable.pdf, page 1>
Package pdftex.def Info: truthtable.pdf, page1 used on input line 34.
(pdftex.def)             Requested size: 595.86543pt x 771.11998pt.
File: truthtable.pdf Graphic file (type pdf)
 <use truthtable.pdf, page 1>
Package pdftex.def Info: truthtable.pdf, page1 used on input line 34.
(pdftex.def)             Requested size: 595.86543pt x 771.11998pt.
File: truthtable.pdf Graphic file (type pdf)

<use truthtable.pdf, page 1>
Package pdftex.def Info: truthtable.pdf, page1 used on input line 34.
(pdftex.def)             Requested size: 595.86543pt x 771.11998pt.
 [2 <./truthtable.pdf>]
<jmaps.pdf, id=45, 794.97pt x 614.295pt>
File: jmaps.pdf Graphic file (type pdf)
 <use jmaps.pdf>
Package pdftex.def Info: jmaps.pdf used on input line 35.
(pdftex.def)             Requested size: 794.96806pt x 614.29349pt.
File: jmaps.pdf Graphic file (type pdf)
 <use jmaps.pdf>
Package pdftex.def Info: jmaps.pdf used on input line 35.
(pdftex.def)             Requested size: 794.96806pt x 614.29349pt.

<jmaps.pdf, id=48, page=1, 794.97pt x 614.295pt>
File: jmaps.pdf Graphic file (type pdf)
 <use jmaps.pdf, page 1>
Package pdftex.def Info: jmaps.pdf, page1 used on input line 35.
(pdftex.def)             Requested size: 794.96806pt x 614.29349pt.
File: jmaps.pdf Graphic file (type pdf)

<use jmaps.pdf, page 1>
Package pdftex.def Info: jmaps.pdf, page1 used on input line 35.
(pdftex.def)             Requested size: 771.11998pt x 595.86543pt.
File: jmaps.pdf Graphic file (type pdf)
 <use jmaps.pdf, page 1>
Package pdftex.def Info: jmaps.pdf, page1 used on input line 35.
(pdftex.def)             Requested size: 771.11998pt x 595.86543pt.
File: jmaps.pdf Graphic file (type pdf)
 <use jmaps.pdf, page 1>
Package pdftex.def Info: jmaps.pdf, page1 used on input line 35.
(pdftex.def)             Requested size: 771.11998pt x 595.86543pt.
File: jmaps.pdf Graphic file (type pdf)

<use jmaps.pdf, page 1>
Package pdftex.def Info: jmaps.pdf, page1 used on input line 35.
(pdftex.def)             Requested size: 771.11998pt x 595.86543pt.
 [3 <./jmaps.pdf>]
<kmaps.pdf, id=77, 794.97pt x 614.295pt>
File: kmaps.pdf Graphic file (type pdf)
 <use kmaps.pdf>
Package pdftex.def Info: kmaps.pdf used on input line 36.
(pdftex.def)             Requested size: 794.96806pt x 614.29349pt.
File: kmaps.pdf Graphic file (type pdf)
 <use kmaps.pdf>
Package pdftex.def Info: kmaps.pdf used on input line 36.
(pdftex.def)             Requested size: 794.96806pt x 614.29349pt.

<kmaps.pdf, id=80, page=1, 794.97pt x 614.295pt>
File: kmaps.pdf Graphic file (type pdf)
 <use kmaps.pdf, page 1>
Package pdftex.def Info: kmaps.pdf, page1 used on input line 36.
(pdftex.def)             Requested size: 794.96806pt x 614.29349pt.
File: kmaps.pdf Graphic file (type pdf)

<use kmaps.pdf, page 1>
Package pdftex.def Info: kmaps.pdf, page1 used on input line 36.
(pdftex.def)             Requested size: 771.11998pt x 595.86543pt.
File: kmaps.pdf Graphic file (type pdf)
 <use kmaps.pdf, page 1>
Package pdftex.def Info: kmaps.pdf, page1 used on input line 36.
(pdftex.def)             Requested size: 771.11998pt x 595.86543pt.
File: kmaps.pdf Graphic file (type pdf)
 <use kmaps.pdf, page 1>
Package pdftex.def Info: kmaps.pdf, page1 used on input line 36.
(pdftex.def)             Requested size: 771.11998pt x 595.86543pt.
File: kmaps.pdf Graphic file (type pdf)

<use kmaps.pdf, page 1>
Package pdftex.def Info: kmaps.pdf, page1 used on input line 36.
(pdftex.def)             Requested size: 771.11998pt x 595.86543pt.
 [4 <./kmaps.pdf>]
<jksimulation.pdf, id=109, 1228.59pt x 794.97pt>
File: jksimulation.pdf Graphic file (type pdf)
 <use jksimulation.pdf>
Package pdftex.def Info: jksimulation.pdf used on input line 37.
(pdftex.def)             Requested size: 1228.587pt x 794.96806pt.
File: jksimulation.pdf Graphic file (type pdf)

<use jksimulation.pdf>
Package pdftex.def Info: jksimulation.pdf used on input line 37.
(pdftex.def)             Requested size: 1228.587pt x 794.96806pt.

<jksimulation.pdf, id=112, page=1, 1228.59pt x 794.97pt>
File: jksimulation.pdf Graphic file (type pdf)

<use jksimulation.pdf, page 1>
Package pdftex.def Info: jksimulation.pdf, page1 used on input line 37.
(pdftex.def)             Requested size: 1228.587pt x 794.96806pt.
File: jksimulation.pdf Graphic file (type pdf)
 <use jksimulation.pdf, page 1>
Package pdftex.def Info: jksimulation.pdf, page1 used on input line 37.
(pdftex.def)             Requested size: 1191.73088pt x 771.11998pt.
File: jksimulation.pdf Graphic file (type pdf)

<use jksimulation.pdf, page 1>
Package pdftex.def Info: jksimulation.pdf, page1 used on input line 37.
(pdftex.def)             Requested size: 1191.73088pt x 771.11998pt.
File: jksimulation.pdf Graphic file (type pdf)
 <use jksimulation.pdf, page 1>
Package pdftex.def Info: jksimulation.pdf, page1 used on input line 37.
(pdftex.def)             Requested size: 1191.73088pt x 771.11998pt.
File: jksimulation.pdf Graphic file (type pdf)

<use jksimulation.pdf, page 1>
Package pdftex.def Info: jksimulation.pdf, page1 used on input line 37.
(pdftex.def)             Requested size: 1191.73088pt x 771.11998pt.
 [5 <./jksimulation.pdf, page is rotated 90 degrees>] <jkschematic.pdf, id=122,
 794.97pt x 614.295pt>
File: jkschematic.pdf Graphic file (type pdf)
 <use jkschematic.pdf>
Package pdftex.def Info: jkschematic.pdf used on input line 38.
(pdftex.def)             Requested size: 794.96806pt x 614.29349pt.
File: jkschematic.pdf Graphic file (type pdf)

<use jkschematic.pdf>
Package pdftex.def Info: jkschematic.pdf used on input line 38.
(pdftex.def)             Requested size: 794.96806pt x 614.29349pt.
 <jkschematic.pdf, id=125, page=1, 794.97pt x 614.295pt>
File: jkschematic.pdf Graphic file (type pdf)

<use jkschematic.pdf, page 1>
Package pdftex.def Info: jkschematic.pdf, page1 used on input line 38.
(pdftex.def)             Requested size: 794.96806pt x 614.29349pt.
File: jkschematic.pdf Graphic file (type pdf)
 <use jkschematic.pdf, page 1>
Package pdftex.def Info: jkschematic.pdf, page1 used on input line 38.
(pdftex.def)             Requested size: 771.11998pt x 595.86543pt.
File: jkschematic.pdf Graphic file (type pdf)

<use jkschematic.pdf, page 1>
Package pdftex.def Info: jkschematic.pdf, page1 used on input line 38.
(pdftex.def)             Requested size: 771.11998pt x 595.86543pt.
File: jkschematic.pdf Graphic file (type pdf)
 <use jkschematic.pdf, page 1>
Package pdftex.def Info: jkschematic.pdf, page1 used on input line 38.
(pdftex.def)             Requested size: 771.11998pt x 595.86543pt.
File: jkschematic.pdf Graphic file (type pdf)

<use jkschematic.pdf, page 1>
Package pdftex.def Info: jkschematic.pdf, page1 used on input line 38.
(pdftex.def)             Requested size: 771.11998pt x 595.86543pt.
 [6 <./jkschematic.pdf, page is rotated 90 degrees>]
Missing character: There is no ¿ in font cmti12!

Underfull \hbox (badness 10000) in paragraph at lines 50--53

 []

[7] (./lab2_report.aux) ) 
Here is how much of TeX's memory you used:
 2805 strings out of 493117
 40480 string characters out of 6135433
 107062 words of memory out of 5000000
 6238 multiletter control sequences out of 15000+600000
 8541 words of font info for 30 fonts, out of 8000000 for 9000
 1141 hyphenation exceptions out of 8191
 40i,19n,48p,801b,435s stack positions out of 5000i,500n,10000p,200000b,80000s
</usr/local/texlive/2014/texmf-dist/fonts/type1/public
/amsfonts/cm/cmbx12.pfb></usr/local/texlive/2014/texmf-dist/fonts/type1/public/
amsfonts/cm/cmmi12.pfb></usr/local/texlive/2014/texmf-dist/fonts/type1/public/a
msfonts/cm/cmr12.pfb></usr/local/texlive/2014/texmf-dist/fonts/type1/public/ams
fonts/cm/cmr17.pfb></usr/local/texlive/2014/texmf-dist/fonts/type1/public/amsfo
nts/cm/cmsy10.pfb></usr/local/texlive/2014/texmf-dist/fonts/type1/public/amsfon
ts/cm/cmti12.pfb>
Output written on lab2_report.pdf (8 pages, 160882 bytes).
PDF statistics:
 162 PDF objects out of 1000 (max. 8388607)
 106 compressed objects within 2 object streams
 0 named destinations out of 1000 (max. 500000)
 101 words of extra memory for PDF output out of 10000 (max. 10000000)

